  main.cpp
C:\Users\SCSM11\Document\Wu-Kong-Model\Assignment\main.cpp(496,26): warning C4244: 'initializing': conversion from 'double' to 'float', possible loss of data
C:\Users\SCSM11\Document\Wu-Kong-Model\Assignment\main.cpp(497,26): warning C4244: 'initializing': conversion from 'double' to 'float', possible loss of data
C:\Users\SCSM11\Document\Wu-Kong-Model\Assignment\main.cpp(508,26): warning C4244: 'initializing': conversion from 'double' to 'float', possible loss of data
C:\Users\SCSM11\Document\Wu-Kong-Model\Assignment\main.cpp(509,26): warning C4244: 'initializing': conversion from 'double' to 'float', possible loss of data
C:\Users\SCSM11\Document\Wu-Kong-Model\Assignment\main.cpp(524,66): warning C4244: 'argument': conversion from 'double' to 'GLfloat', possible loss of data
C:\Users\SCSM11\Document\Wu-Kong-Model\Assignment\main.cpp(524,33): warning C4244: 'argument': conversion from 'double' to 'GLfloat', possible loss of data
C:\Users\SCSM11\Document\Wu-Kong-Model\Assignment\main.cpp(534,66): warning C4244: 'argument': conversion from 'double' to 'GLfloat', possible loss of data
C:\Users\SCSM11\Document\Wu-Kong-Model\Assignment\main.cpp(534,33): warning C4244: 'argument': conversion from 'double' to 'GLfloat', possible loss of data
C:\Users\SCSM11\Document\Wu-Kong-Model\Assignment\main.cpp(545,57): warning C4244: 'argument': conversion from 'double' to 'GLfloat', possible loss of data
C:\Users\SCSM11\Document\Wu-Kong-Model\Assignment\main.cpp(545,30): warning C4244: 'argument': conversion from 'double' to 'GLfloat', possible loss of data
C:\Users\SCSM11\Document\Wu-Kong-Model\Assignment\main.cpp(791,21): warning C4244: 'initializing': conversion from 'unsigned long' to 'float', possible loss of data
C:\Users\SCSM11\Document\Wu-Kong-Model\Assignment\main.cpp(820,34): warning C4244: '=': conversion from 'double' to 'float', possible loss of data
C:\Users\SCSM11\Document\Wu-Kong-Model\Assignment\main.cpp(854,33): warning C4244: 'initializing': conversion from 'double' to 'float', possible loss of data
C:\Users\SCSM11\Document\Wu-Kong-Model\Assignment\main.cpp(855,33): warning C4244: 'initializing': conversion from 'double' to 'float', possible loss of data
C:\Users\SCSM11\Document\Wu-Kong-Model\Assignment\main.cpp(861,33): warning C4244: 'initializing': conversion from 'double' to 'float', possible loss of data
C:\Users\SCSM11\Document\Wu-Kong-Model\Assignment\main.cpp(877,31): warning C4244: 'initializing': conversion from 'double' to 'float', possible loss of data
C:\Users\SCSM11\Document\Wu-Kong-Model\Assignment\main.cpp(882,32): warning C4244: 'initializing': conversion from 'double' to 'float', possible loss of data
C:\Users\SCSM11\Document\Wu-Kong-Model\Assignment\main.cpp(883,32): warning C4244: 'initializing': conversion from 'double' to 'float', possible loss of data
C:\Users\SCSM11\Document\Wu-Kong-Model\Assignment\main.cpp(887,32): warning C4244: 'initializing': conversion from 'double' to 'float', possible loss of data
C:\Users\SCSM11\Document\Wu-Kong-Model\Assignment\main.cpp(890,28): warning C4244: 'initializing': conversion from 'double' to 'float', possible loss of data
C:\Users\SCSM11\Document\Wu-Kong-Model\Assignment\main.cpp(894,29): warning C4244: 'initializing': conversion from 'double' to 'float', possible loss of data
C:\Users\SCSM11\Document\Wu-Kong-Model\Assignment\main.cpp(921,27): warning C4244: 'initializing': conversion from 'double' to 'float', possible loss of data
C:\Users\SCSM11\Document\Wu-Kong-Model\Assignment\main.cpp(926,29): warning C4244: 'initializing': conversion from 'double' to 'float', possible loss of data
C:\Users\SCSM11\Document\Wu-Kong-Model\Assignment\main.cpp(927,29): warning C4244: 'initializing': conversion from 'double' to 'float', possible loss of data
C:\Users\SCSM11\Document\Wu-Kong-Model\Assignment\main.cpp(930,24): warning C4244: 'initializing': conversion from 'double' to 'float', possible loss of data
C:\Users\SCSM11\Document\Wu-Kong-Model\Assignment\main.cpp(931,25): warning C4244: 'initializing': conversion from 'double' to 'float', possible loss of data
C:\Users\SCSM11\Document\Wu-Kong-Model\Assignment\main.cpp(947,17): warning C4244: 'initializing': conversion from 'double' to 'float', possible loss of data
C:\Users\SCSM11\Document\Wu-Kong-Model\Assignment\main.cpp(948,17): warning C4244: 'initializing': conversion from 'double' to 'float', possible loss of data
C:\Users\SCSM11\Document\Wu-Kong-Model\Assignment\main.cpp(950,31): warning C4244: 'initializing': conversion from 'double' to 'float', possible loss of data
C:\Users\SCSM11\Document\Wu-Kong-Model\Assignment\main.cpp(963,27): warning C4244: 'initializing': conversion from 'double' to 'float', possible loss of data
C:\Users\SCSM11\Document\Wu-Kong-Model\Assignment\main.cpp(968,30): warning C4244: 'initializing': conversion from 'double' to 'float', possible loss of data
C:\Users\SCSM11\Document\Wu-Kong-Model\Assignment\main.cpp(969,30): warning C4244: 'initializing': conversion from 'double' to 'float', possible loss of data
C:\Users\SCSM11\Document\Wu-Kong-Model\Assignment\main.cpp(972,24): warning C4244: 'initializing': conversion from 'double' to 'float', possible loss of data
C:\Users\SCSM11\Document\Wu-Kong-Model\Assignment\main.cpp(973,25): warning C4244: 'initializing': conversion from 'double' to 'float', possible loss of data
C:\Users\SCSM11\Document\Wu-Kong-Model\Assignment\main.cpp(1008,17): warning C4244: 'initializing': conversion from 'double' to 'float', possible loss of data
C:\Users\SCSM11\Document\Wu-Kong-Model\Assignment\main.cpp(1009,17): warning C4244: 'initializing': conversion from 'double' to 'float', possible loss of data
C:\Users\SCSM11\Document\Wu-Kong-Model\Assignment\main.cpp(1010,17): warning C4244: 'initializing': conversion from 'double' to 'float', possible loss of data
C:\Users\SCSM11\Document\Wu-Kong-Model\Assignment\main.cpp(1050,17): warning C4244: 'initializing': conversion from 'double' to 'float', possible loss of data
C:\Users\SCSM11\Document\Wu-Kong-Model\Assignment\main.cpp(1051,17): warning C4244: 'initializing': conversion from 'double' to 'float', possible loss of data
C:\Users\SCSM11\Document\Wu-Kong-Model\Assignment\main.cpp(1052,17): warning C4244: 'initializing': conversion from 'double' to 'float', possible loss of data
C:\Users\SCSM11\Document\Wu-Kong-Model\Assignment\main.cpp(1086,18): warning C4244: 'initializing': conversion from 'double' to 'float', possible loss of data
C:\Users\SCSM11\Document\Wu-Kong-Model\Assignment\main.cpp(1087,19): warning C4244: 'initializing': conversion from 'double' to 'float', possible loss of data
C:\Users\SCSM11\Document\Wu-Kong-Model\Assignment\main.cpp(1090,18): warning C4244: 'initializing': conversion from 'double' to 'float', possible loss of data
C:\Users\SCSM11\Document\Wu-Kong-Model\Assignment\main.cpp(1091,19): warning C4244: 'initializing': conversion from 'double' to 'float', possible loss of data
C:\Users\SCSM11\Document\Wu-Kong-Model\Assignment\main.cpp(1102,21): warning C4244: 'initializing': conversion from 'double' to 'float', possible loss of data
C:\Users\SCSM11\Document\Wu-Kong-Model\Assignment\main.cpp(1103,21): warning C4244: 'initializing': conversion from 'double' to 'float', possible loss of data
C:\Users\SCSM11\Document\Wu-Kong-Model\Assignment\main.cpp(1171,30): warning C4305: 'argument': truncation from 'double' to 'float'
C:\Users\SCSM11\Document\Wu-Kong-Model\Assignment\main.cpp(1217,17): warning C4244: 'initializing': conversion from 'double' to 'float', possible loss of data
C:\Users\SCSM11\Document\Wu-Kong-Model\Assignment\main.cpp(1218,17): warning C4244: 'initializing': conversion from 'double' to 'float', possible loss of data
C:\Users\SCSM11\Document\Wu-Kong-Model\Assignment\main.cpp(3065,21): warning C4244: 'initializing': conversion from 'double' to 'float', possible loss of data
C:\Users\SCSM11\Document\Wu-Kong-Model\Assignment\main.cpp(3102,21): warning C4244: 'initializing': conversion from 'double' to 'float', possible loss of data
C:\Users\SCSM11\Document\Wu-Kong-Model\Assignment\main.cpp(3103,19): warning C4244: 'initializing': conversion from 'double' to 'float', possible loss of data
C:\Users\SCSM11\Document\Wu-Kong-Model\Assignment\main.cpp(3555,27): warning C4244: 'initializing': conversion from 'double' to 'float', possible loss of data
C:\Users\SCSM11\Document\Wu-Kong-Model\Assignment\main.cpp(3561,27): warning C4244: 'initializing': conversion from 'double' to 'float', possible loss of data
C:\Users\SCSM11\Document\Wu-Kong-Model\Assignment\main.cpp(3830,48): warning C4244: 'argument': conversion from 'double' to 'float', possible loss of data
C:\Users\SCSM11\Document\Wu-Kong-Model\Assignment\main.cpp(3853,62): warning C4244: 'argument': conversion from 'double' to 'float', possible loss of data
C:\Users\SCSM11\Document\Wu-Kong-Model\Assignment\main.cpp(3899,60): warning C4244: 'argument': conversion from 'double' to 'float', possible loss of data
C:\Users\SCSM11\Document\Wu-Kong-Model\Assignment\main.cpp(4061,60): warning C4244: 'argument': conversion from 'double' to 'float', possible loss of data
C:\Users\SCSM11\Document\Wu-Kong-Model\Assignment\main.cpp(4102,68): warning C4244: 'argument': conversion from 'double' to 'float', possible loss of data
C:\Users\SCSM11\Document\Wu-Kong-Model\Assignment\main.cpp(4105,70): warning C4244: 'argument': conversion from 'double' to 'float', possible loss of data
C:\Users\SCSM11\Document\Wu-Kong-Model\Assignment\main.cpp(4106,70): warning C4244: 'argument': conversion from 'double' to 'float', possible loss of data
C:\Users\SCSM11\Document\Wu-Kong-Model\Assignment\main.cpp(4109,70): warning C4244: 'argument': conversion from 'double' to 'float', possible loss of data
C:\Users\SCSM11\Document\Wu-Kong-Model\Assignment\main.cpp(4110,70): warning C4244: 'argument': conversion from 'double' to 'float', possible loss of data
C:\Users\SCSM11\Document\Wu-Kong-Model\Assignment\main.cpp(4122,66): warning C4244: 'argument': conversion from 'double' to 'float', possible loss of data
C:\Users\SCSM11\Document\Wu-Kong-Model\Assignment\main.cpp(4123,73): warning C4244: 'argument': conversion from 'double' to 'float', possible loss of data
C:\Users\SCSM11\Document\Wu-Kong-Model\Assignment\main.cpp(4136,68): warning C4244: 'argument': conversion from 'double' to 'float', possible loss of data
C:\Users\SCSM11\Document\Wu-Kong-Model\Assignment\main.cpp(4172,71): warning C4244: 'argument': conversion from 'double' to 'float', possible loss of data
C:\Users\SCSM11\Document\Wu-Kong-Model\Assignment\main.cpp(4173,71): warning C4244: 'argument': conversion from 'double' to 'float', possible loss of data
C:\Users\SCSM11\Document\Wu-Kong-Model\Assignment\main.cpp(4176,71): warning C4244: 'argument': conversion from 'double' to 'float', possible loss of data
C:\Users\SCSM11\Document\Wu-Kong-Model\Assignment\main.cpp(4177,71): warning C4244: 'argument': conversion from 'double' to 'float', possible loss of data
C:\Users\SCSM11\Document\Wu-Kong-Model\Assignment\main.cpp(5575,24): warning C4244: 'argument': conversion from 'int' to 'GLfloat', possible loss of data
C:\Users\SCSM11\Document\Wu-Kong-Model\Assignment\main.cpp(5964,24): warning C4244: 'argument': conversion from 'int' to 'GLfloat', possible loss of data
  Assignment.vcxproj -> C:\Users\SCSM11\Document\Wu-Kong-Model\x64\Debug\Assignment.exe
